[Pass 1 time: 0.237 sec     tokenize]
[Pass 2 time: 0.014 sec     KBFuncs]
[Pass 3 time: 0.003 sec     initKB]
[Pass 4 time: 0.272 sec     Lines]
[Pass 5 time: 0.329 sec     RemoveWhiteSpace]
[Pass 6 time: 0.274 sec     headers]
[Pass 7 time: 0.183 sec     headerNode]
[Pass 8 time: 0.264 sec     Item]
[Pass 9 time: 0.269 sec     header_zone_five]
[Pass 10 time: 0.297 sec     header_zone_four]
[Pass 11 time: 0.356 sec     header_zone_three]
[Pass 12 time: 0.35 sec     header_zone_two]
[Pass 13 time: 0.288 sec     headerTwoLabels]
[Pass 14 time: 0.235 sec     headerThreeLabels]
[Pass 15 time: 0.246 sec     pronunciation]
[Pass 16 time: 0.009 sec     kbOut]
[Input file: c:\Users\tasht\Documents\Clemson\npl_project\npl_plus_plus\wikitext_english_analyzer\input\language.txt]
[Total passes: 16
[Total time: 3.64 sec]
[Time per 1000 chars (3.64/11257): 0.323354 sec]
[Time per pass per 1000 chars: 0.0202096]
infile  passes tottime length tot/1000 tot/pass/1000
c:\Users\tasht\Documents\Clemson\npl_project\npl_plus_plus\wikitext_english_analyzer\input\language.txt	16	3.64	11257	0.323354	0.0202096
[Clean time: 0.008 sec]
